-------------------------------------------------------------------------------
Test set: test.java.prova.PokemonRunner
-------------------------------------------------------------------------------
Tests run: 1, Failures: 0, Errors: 1, Skipped: 0, Time elapsed: 0.533 s <<< FAILURE! - in test.java.prova.PokemonRunner
testPokemon  Time elapsed: 0.532 s  <<< ERROR!
java.lang.RuntimeException: not found: test/java/prova/pokemon.feature

